Arguments: 
  /usr/local/bin/node /usr/share/yarn/bin/yarn.js add awsome-typescript-loader

PATH: 
  /home/UNOSQUARE/david.trujillo/bin:/home/UNOSQUARE/david.trujillo/.local/bin:/home/UNOSQUARE/david.trujillo/bin:/home/UNOSQUARE/david.trujillo/bin:/home/UNOSQUARE/david.trujillo/.local/bin:/home/UNOSQUARE/david.trujillo/bin:/usr/local/sbin:/usr/local/bin:/usr/sbin:/usr/bin:/sbin:/bin:/usr/games:/usr/local/games:/snap/bin:/home/UNOSQUARE/david.trujillo/.dotnet/tools:/usr/lib/jvm/java-11-oracle/bin:/usr/lib/jvm/java-11-oracle/db/bin:/home/UNOSQUARE/david.trujillo/.dotnet/tools:/usr/lib/jvm/java-11-oracle/bin:/usr/lib/jvm/java-11-oracle/db/bin

Yarn version: 
  1.21.1

Node version: 
  12.16.3

Platform: 
  linux x64

Trace: 
  Error: https://registry.yarnpkg.com/awsome-typescript-loader: Not found
      at Request.params.callback [as _callback] (/usr/share/yarn/lib/cli.js:66947:18)
      at Request.self.callback (/usr/share/yarn/lib/cli.js:140665:22)
      at Request.emit (events.js:310:20)
      at Request.<anonymous> (/usr/share/yarn/lib/cli.js:141637:10)
      at Request.emit (events.js:310:20)
      at IncomingMessage.<anonymous> (/usr/share/yarn/lib/cli.js:141559:12)
      at Object.onceWrapper (events.js:416:28)
      at IncomingMessage.emit (events.js:322:22)
      at endReadableNT (_stream_readable.js:1187:12)
      at processTicksAndRejections (internal/process/task_queues.js:84:21)

npm manifest: 
  {
      "name": "typescritp-101",
      "version": "1.0.0",
      "description": "typescript masterclass",
      "main": "src/app.ts",
      "scripts": {
          "start": "webpack-dev-server"
      },
      "repository": {
          "type": "git"
      },
      "author": "David Trujillo",
      "license": "MIT",
      "dependencies": {
          "typescript": "^3.9.5"
      }
  }

yarn manifest: 
  No manifest

Lockfile: 
  # THIS IS AN AUTOGENERATED FILE. DO NOT EDIT THIS FILE DIRECTLY.
  # yarn lockfile v1
  
  
  typescript@^3.9.5:
    version "3.9.5"
    resolved "https://registry.yarnpkg.com/typescript/-/typescript-3.9.5.tgz#586f0dba300cde8be52dd1ac4f7e1009c1b13f36"
    integrity sha512-hSAifV3k+i6lEoCJ2k6R2Z/rp/H3+8sdmcn5NrS3/3kE7+RyZXm9aqvxWqjEXHAd8b0pShatpcdMTvEdvAJltQ==
